# JRE version: Java(TM) SE Runtime Environment (7.0_55-b13) (build 1.7.0_55-b13)
# Java VM: Java HotSpot(TM) 64-Bit Server VM (24.55-b03 mixed mode bsd-amd64 compressed oops)
Heap
 PSYoungGen      total 118784K, used 24062K [0x00000007f5500000, 0x00000007fed80000, 0x0000000800000000)
  eden space 116224K, 18% used [0x00000007f5500000,0x00000007f6a41150,0x00000007fc680000)
  from space 2560K, 89% used [0x00000007fca00000,0x00000007fcc3e818,0x00000007fcc80000)
  to   space 19968K, 0% used [0x00000007fda00000,0x00000007fda00000,0x00000007fed80000)
 ParOldGen       total 174592K, used 37393K [0x00000007e0000000, 0x00000007eaa80000, 0x00000007f5500000)
  object space 174592K, 21% used [0x00000007e0000000,0x00000007e24844c8,0x00000007eaa80000)
 PSPermGen       total 39424K, used 39315K [0x00000007dae00000, 0x00000007dd480000, 0x00000007e0000000)
  object space 39424K, 99% used [0x00000007dae00000,0x00000007dd464c30,0x00000007dd480000)
GC Heap History (10 events):
Event: 12.893 GC heap before
{Heap before GC invocations=7 (full 0):
 PSYoungGen      total 80384K, used 78943K [0x00000007f5500000, 0x00000007ff400000, 0x0000000800000000)
  eden space 64000K, 100% used [0x00000007f5500000,0x00000007f9380000,0x00000007f9380000)
  from space 16384K, 91% used [0x00000007fa400000,0x00000007fb297de8,0x00000007fb400000)
  to   space 16896K, 0% used [0x00000007f9380000,0x00000007f9380000,0x00000007fa400000)
 ParOldGen       total 174592K, used 10753K [0x00000007e0000000, 0x00000007eaa80000, 0x00000007f5500000)
  object space 174592K, 6% used [0x00000007e0000000,0x00000007e0a804b0,0x00000007eaa80000)
 PSPermGen       total 34816K, used 34595K [0x00000007dae00000, 0x00000007dd000000, 0x00000007e0000000)
  object space 34816K, 99% used [0x00000007dae00000,0x00000007dcfc8ed0,0x00000007dd000000)
Event: 12.907 GC heap after
Heap after GC invocations=7 (full 0):
 PSYoungGen      total 80896K, used 12067K [0x00000007f5500000, 0x00000007ff300000, 0x0000000800000000)
  eden space 64000K, 0% used [0x00000007f5500000,0x00000007f5500000,0x00000007f9380000)
  from space 16896K, 71% used [0x00000007f9380000,0x00000007f9f48da0,0x00000007fa400000)
  to   space 16896K, 0% used [0x00000007fe280000,0x00000007fe280000,0x00000007ff300000)
 ParOldGen       total 174592K, used 18311K [0x00000007e0000000, 0x00000007eaa80000, 0x00000007f5500000)
  object space 174592K, 10% used [0x00000007e0000000,0x00000007e11e1c60,0x00000007eaa80000)
 PSPermGen       total 34816K, used 34595K [0x00000007dae00000, 0x00000007dd000000, 0x00000007e0000000)
  object space 34816K, 99% used [0x00000007dae00000,0x00000007dcfc8ed0,0x00000007dd000000)
}
Event: 15.464 GC heap before
{Heap before GC invocations=8 (full 0):
 PSYoungGen      total 80896K, used 76067K [0x00000007f5500000, 0x00000007ff300000, 0x0000000800000000)
  eden space 64000K, 100% used [0x00000007f5500000,0x00000007f9380000,0x00000007f9380000)
  from space 16896K, 71% used [0x00000007f9380000,0x00000007f9f48da0,0x00000007fa400000)
  to   space 16896K, 0% used [0x00000007fe280000,0x00000007fe280000,0x00000007ff300000)
 ParOldGen       total 174592K, used 18311K [0x00000007e0000000, 0x00000007eaa80000, 0x00000007f5500000)
  object space 174592K, 10% used [0x00000007e0000000,0x00000007e11e1c60,0x00000007eaa80000)
 PSPermGen       total 36864K, used 36410K [0x00000007dae00000, 0x00000007dd200000, 0x00000007e0000000)
  object space 36864K, 98% used [0x00000007dae00000,0x00000007dd18ea68,0x00000007dd200000)
Event: 15.475 GC heap after
Heap after GC invocations=8 (full 0):
 PSYoungGen      total 144384K, used 15021K [0x00000007f5500000, 0x00000007ff400000, 0x0000000800000000)
  eden space 127488K, 0% used [0x00000007f5500000,0x00000007f5500000,0x00000007fd180000)
  from space 16896K, 88% used [0x00000007fe280000,0x00000007ff12b660,0x00000007ff300000)
  to   space 17408K, 0% used [0x00000007fd180000,0x00000007fd180000,0x00000007fe280000)
 ParOldGen       total 174592K, used 20929K [0x00000007e0000000, 0x00000007eaa80000, 0x00000007f5500000)
  object space 174592K, 11% used [0x00000007e0000000,0x00000007e14707c0,0x00000007eaa80000)
 PSPermGen       total 36864K, used 36410K [0x00000007dae00000, 0x00000007dd200000, 0x00000007e0000000)
  object space 36864K, 98% used [0x00000007dae00000,0x00000007dd18ea68,0x00000007dd200000)
}
Event: 27.778 GC heap before
{Heap before GC invocations=9 (full 0):
 PSYoungGen      total 144384K, used 142509K [0x00000007f5500000, 0x00000007ff400000, 0x0000000800000000)
  eden space 127488K, 100% used [0x00000007f5500000,0x00000007fd180000,0x00000007fd180000)
  from space 16896K, 88% used [0x00000007fe280000,0x00000007ff12b660,0x00000007ff300000)
  to   space 17408K, 0% used [0x00000007fd180000,0x00000007fd180000,0x00000007fe280000)
 ParOldGen       total 174592K, used 20929K [0x00000007e0000000, 0x00000007eaa80000, 0x00000007f5500000)
  object space 174592K, 11% used [0x00000007e0000000,0x00000007e14707c0,0x00000007eaa80000)
 PSPermGen       total 37888K, used 37866K [0x00000007dae00000, 0x00000007dd300000, 0x00000007e0000000)
  object space 37888K, 99% used [0x00000007dae00000,0x00000007dd2faa78,0x00000007dd300000)
Event: 27.788 GC heap after
Heap after GC invocations=9 (full 0):
 PSYoungGen      total 139264K, used 15465K [0x00000007f5500000, 0x00000007ff080000, 0x0000000800000000)
  eden space 123392K, 0% used [0x00000007f5500000,0x00000007f5500000,0x00000007fcd80000)
  from space 15872K, 97% used [0x00000007fd180000,0x00000007fe09a508,0x00000007fe100000)
  to   space 15872K, 0% used [0x00000007fe100000,0x00000007fe100000,0x00000007ff080000)
 ParOldGen       total 174592K, used 21871K [0x00000007e0000000, 0x00000007eaa80000, 0x00000007f5500000)
  object space 174592K, 12% used [0x00000007e0000000,0x00000007e155bca0,0x00000007eaa80000)
 PSPermGen       total 37888K, used 37866K [0x00000007dae00000, 0x00000007dd300000, 0x00000007e0000000)
  object space 37888K, 99% used [0x00000007dae00000,0x00000007dd2faa78,0x00000007dd300000)
}
Event: 555.611 GC heap before
{Heap before GC invocations=10 (full 0):
 PSYoungGen      total 139264K, used 138857K [0x00000007f5500000, 0x00000007ff080000, 0x0000000800000000)
  eden space 123392K, 100% used [0x00000007f5500000,0x00000007fcd80000,0x00000007fcd80000)
  from space 15872K, 97% used [0x00000007fd180000,0x00000007fe09a508,0x00000007fe100000)
  to   space 15872K, 0% used [0x00000007fe100000,0x00000007fe100000,0x00000007ff080000)
 ParOldGen       total 174592K, used 21871K [0x00000007e0000000, 0x00000007eaa80000, 0x00000007f5500000)
  object space 174592K, 12% used [0x00000007e0000000,0x00000007e155bca0,0x00000007eaa80000)
 PSPermGen       total 39424K, used 39144K [0x00000007dae00000, 0x00000007dd480000, 0x00000007e0000000)
  object space 39424K, 99% used [0x00000007dae00000,0x00000007dd43a3f0,0x00000007dd480000)
Event: 555.620 GC heap after
Heap after GC invocations=10 (full 0):
 PSYoungGen      total 134144K, used 4699K [0x00000007f5500000, 0x00000007fef00000, 0x0000000800000000)
  eden space 119808K, 0% used [0x00000007f5500000,0x00000007f5500000,0x00000007fca00000)
  from space 14336K, 32% used [0x00000007fe100000,0x00000007fe596fd0,0x00000007fef00000)
  to   space 18944K, 0% used [0x00000007fca00000,0x00000007fca00000,0x00000007fdc80000)
 ParOldGen       total 174592K, used 34012K [0x00000007e0000000, 0x00000007eaa80000, 0x00000007f5500000)
  object space 174592K, 19% used [0x00000007e0000000,0x00000007e2137280,0x00000007eaa80000)
 PSPermGen       total 39424K, used 39144K [0x00000007dae00000, 0x00000007dd480000, 0x00000007e0000000)
  object space 39424K, 99% used [0x00000007dae00000,0x00000007dd43a3f0,0x00000007dd480000)
}
Event: 575.320 GC heap before
{Heap before GC invocations=11 (full 0):
 PSYoungGen      total 134144K, used 114351K [0x00000007f5500000, 0x00000007fef00000, 0x0000000800000000)
  eden space 119808K, 91% used [0x00000007f5500000,0x00000007fc014c88,0x00000007fca00000)
  from space 14336K, 32% used [0x00000007fe100000,0x00000007fe596fd0,0x00000007fef00000)
  to   space 18944K, 0% used [0x00000007fca00000,0x00000007fca00000,0x00000007fdc80000)
 ParOldGen       total 174592K, used 34012K [0x00000007e0000000, 0x00000007eaa80000, 0x00000007f5500000)
  object space 174592K, 19% used [0x00000007e0000000,0x00000007e2137280,0x00000007eaa80000)
 PSPermGen       total 39424K, used 39149K [0x00000007dae00000, 0x00000007dd480000, 0x00000007e0000000)
  object space 39424K, 99% used [0x00000007dae00000,0x00000007dd43b710,0x00000007dd480000)
Event: 575.324 GC heap after
Heap after GC invocations=11 (full 0):
 PSYoungGen      total 118784K, used 2298K [0x00000007f5500000, 0x00000007fed80000, 0x0000000800000000)
  eden space 116224K, 0% used [0x00000007f5500000,0x00000007f5500000,0x00000007fc680000)
  from space 2560K, 89% used [0x00000007fca00000,0x00000007fcc3e818,0x00000007fcc80000)
  to   space 19968K, 0% used [0x00000007fda00000,0x00000007fda00000,0x00000007fed80000)
 ParOldGen       total 174592K, used 37393K [0x00000007e0000000, 0x00000007eaa80000, 0x00000007f5500000)
  object space 174592K, 21% used [0x00000007e0000000,0x00000007e24844c8,0x00000007eaa80000)
 PSPermGen       total 39424K, used 39149K [0x00000007dae00000, 0x00000007dd480000, 0x00000007e0000000)
  object space 39424K, 99% used [0x00000007dae00000,0x00000007dd43b710,0x00000007dd480000)
}

