# JRE version: Java(TM) SE Runtime Environment (7.0_55-b13) (build 1.7.0_55-b13)
# Java VM: Java HotSpot(TM) 64-Bit Server VM (24.55-b03 mixed mode bsd-amd64 compressed oops)
Heap
 PSYoungGen      total 114176K, used 54679K [0x00000007f5500000, 0x00000007fef80000, 0x0000000800000000)
  eden space 111104K, 46% used [0x00000007f5500000,0x00000007f8794e50,0x00000007fc180000)
  from space 3072K, 93% used [0x00000007fc500000,0x00000007fc7d0fa0,0x00000007fc800000)
  to   space 23552K, 0% used [0x00000007fd880000,0x00000007fd880000,0x00000007fef80000)
 ParOldGen       total 174592K, used 35430K [0x00000007e0000000, 0x00000007eaa80000, 0x00000007f5500000)
  object space 174592K, 20% used [0x00000007e0000000,0x00000007e2299810,0x00000007eaa80000)
 PSPermGen       total 51200K, used 50869K [0x00000007dae00000, 0x00000007de000000, 0x00000007e0000000)
  object space 51200K, 99% used [0x00000007dae00000,0x00000007ddfad678,0x00000007de000000)
GC Heap History (10 events):
Event: 84.313 GC heap before
{Heap before GC invocations=7 (full 0):
 PSYoungGen      total 148992K, used 148982K [0x00000007f5500000, 0x00000007fff00000, 0x0000000800000000)
  eden space 130048K, 100% used [0x00000007f5500000,0x00000007fd400000,0x00000007fd400000)
  from space 18944K, 99% used [0x00000007fe880000,0x00000007ffafdae8,0x00000007ffb00000)
  to   space 20992K, 0% used [0x00000007fd400000,0x00000007fd400000,0x00000007fe880000)
 ParOldGen       total 174592K, used 14155K [0x00000007e0000000, 0x00000007eaa80000, 0x00000007f5500000)
  object space 174592K, 8% used [0x00000007e0000000,0x00000007e0dd2ff0,0x00000007eaa80000)
 PSPermGen       total 36352K, used 35895K [0x00000007dae00000, 0x00000007dd180000, 0x00000007e0000000)
  object space 36352K, 98% used [0x00000007dae00000,0x00000007dd10dfa0,0x00000007dd180000)
Event: 84.331 GC heap after
Heap after GC invocations=7 (full 0):
 PSYoungGen      total 143360K, used 17171K [0x00000007f5500000, 0x00000007ffa00000, 0x0000000800000000)
  eden space 125952K, 0% used [0x00000007f5500000,0x00000007f5500000,0x00000007fd000000)
  from space 17408K, 98% used [0x00000007fd400000,0x00000007fe4c4cd0,0x00000007fe500000)
  to   space 21504K, 0% used [0x00000007fe500000,0x00000007fe500000,0x00000007ffa00000)
 ParOldGen       total 174592K, used 19952K [0x00000007e0000000, 0x00000007eaa80000, 0x00000007f5500000)
  object space 174592K, 11% used [0x00000007e0000000,0x00000007e137c328,0x00000007eaa80000)
 PSPermGen       total 36352K, used 35895K [0x00000007dae00000, 0x00000007dd180000, 0x00000007e0000000)
  object space 36352K, 98% used [0x00000007dae00000,0x00000007dd10dfa0,0x00000007dd180000)
}
Event: 1862.203 GC heap before
{Heap before GC invocations=8 (full 0):
 PSYoungGen      total 143360K, used 143123K [0x00000007f5500000, 0x00000007ffa00000, 0x0000000800000000)
  eden space 125952K, 100% used [0x00000007f5500000,0x00000007fd000000,0x00000007fd000000)
  from space 17408K, 98% used [0x00000007fd400000,0x00000007fe4c4cd0,0x00000007fe500000)
  to   space 21504K, 0% used [0x00000007fe500000,0x00000007fe500000,0x00000007ffa00000)
 ParOldGen       total 174592K, used 19952K [0x00000007e0000000, 0x00000007eaa80000, 0x00000007f5500000)
  object space 174592K, 11% used [0x00000007e0000000,0x00000007e137c328,0x00000007eaa80000)
 PSPermGen       total 41472K, used 41361K [0x00000007dae00000, 0x00000007dd680000, 0x00000007e0000000)
  object space 41472K, 99% used [0x00000007dae00000,0x00000007dd664790,0x00000007dd680000)
Event: 1862.215 GC heap after
Heap after GC invocations=8 (full 0):
 PSYoungGen      total 139264K, used 16721K [0x00000007f5500000, 0x00000007ff600000, 0x0000000800000000)
  eden space 121856K, 0% used [0x00000007f5500000,0x00000007f5500000,0x00000007fcc00000)
  from space 17408K, 96% used [0x00000007fe500000,0x00000007ff5547c8,0x00000007ff600000)
  to   space 21504K, 0% used [0x00000007fcc00000,0x00000007fcc00000,0x00000007fe100000)
 ParOldGen       total 174592K, used 21119K [0x00000007e0000000, 0x00000007eaa80000, 0x00000007f5500000)
  object space 174592K, 12% used [0x00000007e0000000,0x00000007e149ff38,0x00000007eaa80000)
 PSPermGen       total 41472K, used 41361K [0x00000007dae00000, 0x00000007dd680000, 0x00000007e0000000)
  object space 41472K, 99% used [0x00000007dae00000,0x00000007dd664790,0x00000007dd680000)
}
Event: 1935.596 GC heap before
{Heap before GC invocations=9 (full 0):
 PSYoungGen      total 139264K, used 138577K [0x00000007f5500000, 0x00000007ff600000, 0x0000000800000000)
  eden space 121856K, 100% used [0x00000007f5500000,0x00000007fcc00000,0x00000007fcc00000)
  from space 17408K, 96% used [0x00000007fe500000,0x00000007ff5547c8,0x00000007ff600000)
  to   space 21504K, 0% used [0x00000007fcc00000,0x00000007fcc00000,0x00000007fe100000)
 ParOldGen       total 174592K, used 21119K [0x00000007e0000000, 0x00000007eaa80000, 0x00000007f5500000)
  object space 174592K, 12% used [0x00000007e0000000,0x00000007e149ff38,0x00000007eaa80000)
 PSPermGen       total 47616K, used 47388K [0x00000007dae00000, 0x00000007ddc80000, 0x00000007e0000000)
  object space 47616K, 99% used [0x00000007dae00000,0x00000007ddc47230,0x00000007ddc80000)
Event: 1935.608 GC heap after
Heap after GC invocations=9 (full 0):
 PSYoungGen      total 128512K, used 9920K [0x00000007f5500000, 0x00000007ff380000, 0x0000000800000000)
  eden space 118272K, 0% used [0x00000007f5500000,0x00000007f5500000,0x00000007fc880000)
  from space 10240K, 96% used [0x00000007fcc00000,0x00000007fd5b02f0,0x00000007fd600000)
  to   space 22016K, 0% used [0x00000007fde00000,0x00000007fde00000,0x00000007ff380000)
 ParOldGen       total 174592K, used 30041K [0x00000007e0000000, 0x00000007eaa80000, 0x00000007f5500000)
  object space 174592K, 17% used [0x00000007e0000000,0x00000007e1d56600,0x00000007eaa80000)
 PSPermGen       total 47616K, used 47388K [0x00000007dae00000, 0x00000007ddc80000, 0x00000007e0000000)
  object space 47616K, 99% used [0x00000007dae00000,0x00000007ddc47230,0x00000007ddc80000)
}
Event: 6058.203 GC heap before
{Heap before GC invocations=10 (full 0):
 PSYoungGen      total 128512K, used 128192K [0x00000007f5500000, 0x00000007ff380000, 0x0000000800000000)
  eden space 118272K, 100% used [0x00000007f5500000,0x00000007fc880000,0x00000007fc880000)
  from space 10240K, 96% used [0x00000007fcc00000,0x00000007fd5b02f0,0x00000007fd600000)
  to   space 22016K, 0% used [0x00000007fde00000,0x00000007fde00000,0x00000007ff380000)
 ParOldGen       total 174592K, used 30041K [0x00000007e0000000, 0x00000007eaa80000, 0x00000007f5500000)
  object space 174592K, 17% used [0x00000007e0000000,0x00000007e1d56600,0x00000007eaa80000)
 PSPermGen       total 50176K, used 50127K [0x00000007dae00000, 0x00000007ddf00000, 0x00000007e0000000)
  object space 50176K, 99% used [0x00000007dae00000,0x00000007ddef3ef8,0x00000007ddf00000)
Event: 6058.215 GC heap after
Heap after GC invocations=10 (full 0):
 PSYoungGen      total 134144K, used 6728K [0x00000007f5500000, 0x00000007ff100000, 0x0000000800000000)
  eden space 114688K, 0% used [0x00000007f5500000,0x00000007f5500000,0x00000007fc500000)
  from space 19456K, 34% used [0x00000007fde00000,0x00000007fe4921e8,0x00000007ff100000)
  to   space 22528K, 0% used [0x00000007fc500000,0x00000007fc500000,0x00000007fdb00000)
 ParOldGen       total 174592K, used 32584K [0x00000007e0000000, 0x00000007eaa80000, 0x00000007f5500000)
  object space 174592K, 18% used [0x00000007e0000000,0x00000007e1fd21c0,0x00000007eaa80000)
 PSPermGen       total 50176K, used 50127K [0x00000007dae00000, 0x00000007ddf00000, 0x00000007e0000000)
  object space 50176K, 99% used [0x00000007dae00000,0x00000007ddef3ef8,0x00000007ddf00000)
}
Event: 326245.864 GC heap before
{Heap before GC invocations=11 (full 0):
 PSYoungGen      total 134144K, used 121416K [0x00000007f5500000, 0x00000007ff100000, 0x0000000800000000)
  eden space 114688K, 100% used [0x00000007f5500000,0x00000007fc500000,0x00000007fc500000)
  from space 19456K, 34% used [0x00000007fde00000,0x00000007fe4921e8,0x00000007ff100000)
  to   space 22528K, 0% used [0x00000007fc500000,0x00000007fc500000,0x00000007fdb00000)
 ParOldGen       total 174592K, used 32584K [0x00000007e0000000, 0x00000007eaa80000, 0x00000007f5500000)
  object space 174592K, 18% used [0x00000007e0000000,0x00000007e1fd21c0,0x00000007eaa80000)
 PSPermGen       total 50688K, used 50522K [0x00000007dae00000, 0x00000007ddf80000, 0x00000007e0000000)
  object space 50688K, 99% used [0x00000007dae00000,0x00000007ddf56a78,0x00000007ddf80000)
Event: 326245.873 GC heap after
Heap after GC invocations=11 (full 0):
 PSYoungGen      total 114176K, used 2883K [0x00000007f5500000, 0x00000007fef80000, 0x0000000800000000)
  eden space 111104K, 0% used [0x00000007f5500000,0x00000007f5500000,0x00000007fc180000)
  from space 3072K, 93% used [0x00000007fc500000,0x00000007fc7d0fa0,0x00000007fc800000)
  to   space 23552K, 0% used [0x00000007fd880000,0x00000007fd880000,0x00000007fef80000)
 ParOldGen       total 174592K, used 35430K [0x00000007e0000000, 0x00000007eaa80000, 0x00000007f5500000)
  object space 174592K, 20% used [0x00000007e0000000,0x00000007e2299810,0x00000007eaa80000)
 PSPermGen       total 50688K, used 50522K [0x00000007dae00000, 0x00000007ddf80000, 0x00000007e0000000)
  object space 50688K, 99% used [0x00000007dae00000,0x00000007ddf56a78,0x00000007ddf80000)
}

