# JRE version: Java(TM) SE Runtime Environment (7.0_55-b13) (build 1.7.0_55-b13)
# Java VM: Java HotSpot(TM) 64-Bit Server VM (24.55-b03 mixed mode bsd-amd64 compressed oops)
Heap
 PSYoungGen      total 74752K, used 29170K [0x000000012cf80000, 0x0000000132c80000, 0x0000000137a80000)
  eden space 57856K, 43% used [0x000000012cf80000,0x000000012e81b9d8,0x0000000130800000)
  from space 16896K, 23% used [0x0000000131a00000,0x0000000131de1160,0x0000000132a80000)
  to   space 18432K, 0% used [0x0000000130800000,0x0000000130800000,0x0000000131a00000)
 ParOldGen       total 174592K, used 34982K [0x0000000117a80000, 0x0000000122500000, 0x000000012cf80000)
  object space 174592K, 20% used [0x0000000117a80000,0x0000000119ca99f8,0x0000000122500000)
 PSPermGen       total 40448K, used 40432K [0x0000000112880000, 0x0000000115000000, 0x0000000117a80000)
  object space 40448K, 99% used [0x0000000112880000,0x0000000114ffc290,0x0000000115000000)
GC Heap History (10 events):
Event: 32.405 GC heap before
{Heap before GC invocations=6 (full 0):
 PSYoungGen      total 75264K, used 75236K [0x000000012cf80000, 0x0000000132f80000, 0x0000000137a80000)
  eden space 64512K, 100% used [0x000000012cf80000,0x0000000130e80000,0x0000000130e80000)
  from space 10752K, 99% used [0x0000000131000000,0x0000000131a79108,0x0000000131a80000)
  to   space 16896K, 0% used [0x0000000131f00000,0x0000000131f00000,0x0000000132f80000)
 ParOldGen       total 174592K, used 12414K [0x0000000117a80000, 0x0000000122500000, 0x000000012cf80000)
  object space 174592K, 7% used [0x0000000117a80000,0x000000011869f8a8,0x0000000122500000)
 PSPermGen       total 34816K, used 34329K [0x0000000112880000, 0x0000000114a80000, 0x0000000117a80000)
  object space 34816K, 98% used [0x0000000112880000,0x0000000114a066a0,0x0000000114a80000)
Event: 32.419 GC heap after
Heap after GC invocations=6 (full 0):
 PSYoungGen      total 79360K, used 15514K [0x000000012cf80000, 0x0000000132f00000, 0x0000000137a80000)
  eden space 62976K, 0% used [0x000000012cf80000,0x000000012cf80000,0x0000000130d00000)
  from space 16384K, 94% used [0x0000000131f00000,0x0000000132e26908,0x0000000132f00000)
  to   space 17408K, 0% used [0x0000000130d00000,0x0000000130d00000,0x0000000131e00000)
 ParOldGen       total 174592K, used 12422K [0x0000000117a80000, 0x0000000122500000, 0x000000012cf80000)
  object space 174592K, 7% used [0x0000000117a80000,0x00000001186a18a8,0x0000000122500000)
 PSPermGen       total 34816K, used 34329K [0x0000000112880000, 0x0000000114a80000, 0x0000000117a80000)
  object space 34816K, 98% used [0x0000000112880000,0x0000000114a066a0,0x0000000114a80000)
}
Event: 33.218 GC heap before
{Heap before GC invocations=7 (full 0):
 PSYoungGen      total 79360K, used 78490K [0x000000012cf80000, 0x0000000132f00000, 0x0000000137a80000)
  eden space 62976K, 100% used [0x000000012cf80000,0x0000000130d00000,0x0000000130d00000)
  from space 16384K, 94% used [0x0000000131f00000,0x0000000132e26908,0x0000000132f00000)
  to   space 17408K, 0% used [0x0000000130d00000,0x0000000130d00000,0x0000000131e00000)
 ParOldGen       total 174592K, used 12422K [0x0000000117a80000, 0x0000000122500000, 0x000000012cf80000)
  object space 174592K, 7% used [0x0000000117a80000,0x00000001186a18a8,0x0000000122500000)
 PSPermGen       total 36352K, used 35988K [0x0000000112880000, 0x0000000114c00000, 0x0000000117a80000)
  object space 36352K, 98% used [0x0000000112880000,0x0000000114ba5040,0x0000000114c00000)
Event: 33.233 GC heap after
Heap after GC invocations=7 (full 0):
 PSYoungGen      total 75776K, used 14061K [0x000000012cf80000, 0x0000000132d80000, 0x0000000137a80000)
  eden space 61440K, 0% used [0x000000012cf80000,0x000000012cf80000,0x0000000130b80000)
  from space 14336K, 98% used [0x0000000130d00000,0x0000000131abb7b8,0x0000000131b00000)
  to   space 17408K, 0% used [0x0000000131c80000,0x0000000131c80000,0x0000000132d80000)
 ParOldGen       total 174592K, used 20039K [0x0000000117a80000, 0x0000000122500000, 0x000000012cf80000)
  object space 174592K, 11% used [0x0000000117a80000,0x0000000118e11f18,0x0000000122500000)
 PSPermGen       total 36352K, used 35988K [0x0000000112880000, 0x0000000114c00000, 0x0000000117a80000)
  object space 36352K, 98% used [0x0000000112880000,0x0000000114ba5040,0x0000000114c00000)
}
Event: 36.427 GC heap before
{Heap before GC invocations=8 (full 0):
 PSYoungGen      total 75776K, used 75501K [0x000000012cf80000, 0x0000000132d80000, 0x0000000137a80000)
  eden space 61440K, 100% used [0x000000012cf80000,0x0000000130b80000,0x0000000130b80000)
  from space 14336K, 98% used [0x0000000130d00000,0x0000000131abb7b8,0x0000000131b00000)
  to   space 17408K, 0% used [0x0000000131c80000,0x0000000131c80000,0x0000000132d80000)
 ParOldGen       total 174592K, used 20039K [0x0000000117a80000, 0x0000000122500000, 0x000000012cf80000)
  object space 174592K, 11% used [0x0000000117a80000,0x0000000118e11f18,0x0000000122500000)
 PSPermGen       total 38912K, used 38885K [0x0000000112880000, 0x0000000114e80000, 0x0000000117a80000)
  object space 38912K, 99% used [0x0000000112880000,0x0000000114e79438,0x0000000114e80000)
Event: 36.438 GC heap after
Heap after GC invocations=8 (full 0):
 PSYoungGen      total 76800K, used 14759K [0x000000012cf80000, 0x0000000132c80000, 0x0000000137a80000)
  eden space 60416K, 0% used [0x000000012cf80000,0x000000012cf80000,0x0000000130a80000)
  from space 16384K, 90% used [0x0000000131c80000,0x0000000132ae9fe8,0x0000000132c80000)
  to   space 17408K, 0% used [0x0000000130a80000,0x0000000130a80000,0x0000000131b80000)
 ParOldGen       total 174592K, used 22666K [0x0000000117a80000, 0x0000000122500000, 0x000000012cf80000)
  object space 174592K, 12% used [0x0000000117a80000,0x00000001190a2908,0x0000000122500000)
 PSPermGen       total 38912K, used 38885K [0x0000000112880000, 0x0000000114e80000, 0x0000000117a80000)
  object space 38912K, 99% used [0x0000000112880000,0x0000000114e79438,0x0000000114e80000)
}
Event: 47.324 GC heap before
{Heap before GC invocations=9 (full 0):
 PSYoungGen      total 76800K, used 75175K [0x000000012cf80000, 0x0000000132c80000, 0x0000000137a80000)
  eden space 60416K, 100% used [0x000000012cf80000,0x0000000130a80000,0x0000000130a80000)
  from space 16384K, 90% used [0x0000000131c80000,0x0000000132ae9fe8,0x0000000132c80000)
  to   space 17408K, 0% used [0x0000000130a80000,0x0000000130a80000,0x0000000131b80000)
 ParOldGen       total 174592K, used 22666K [0x0000000117a80000, 0x0000000122500000, 0x000000012cf80000)
  object space 174592K, 12% used [0x0000000117a80000,0x00000001190a2908,0x0000000122500000)
 PSPermGen       total 39936K, used 39933K [0x0000000112880000, 0x0000000114f80000, 0x0000000117a80000)
  object space 39936K, 99% used [0x0000000112880000,0x0000000114f7f570,0x0000000114f80000)
Event: 47.333 GC heap after
Heap after GC invocations=9 (full 0):
 PSYoungGen      total 73216K, used 13493K [0x000000012cf80000, 0x0000000132a80000, 0x0000000137a80000)
  eden space 59392K, 0% used [0x000000012cf80000,0x000000012cf80000,0x0000000130980000)
  from space 13824K, 97% used [0x0000000130a80000,0x00000001317ad5b8,0x0000000131800000)
  to   space 16896K, 0% used [0x0000000131a00000,0x0000000131a00000,0x0000000132a80000)
 ParOldGen       total 174592K, used 23647K [0x0000000117a80000, 0x0000000122500000, 0x000000012cf80000)
  object space 174592K, 13% used [0x0000000117a80000,0x0000000119197fc8,0x0000000122500000)
 PSPermGen       total 39936K, used 39933K [0x0000000112880000, 0x0000000114f80000, 0x0000000117a80000)
  object space 39936K, 99% used [0x0000000112880000,0x0000000114f7f570,0x0000000114f80000)
}
Event: 40300.607 GC heap before
{Heap before GC invocations=10 (full 0):
 PSYoungGen      total 73216K, used 72885K [0x000000012cf80000, 0x0000000132a80000, 0x0000000137a80000)
  eden space 59392K, 100% used [0x000000012cf80000,0x0000000130980000,0x0000000130980000)
  from space 13824K, 97% used [0x0000000130a80000,0x00000001317ad5b8,0x0000000131800000)
  to   space 16896K, 0% used [0x0000000131a00000,0x0000000131a00000,0x0000000132a80000)
 ParOldGen       total 174592K, used 23647K [0x0000000117a80000, 0x0000000122500000, 0x000000012cf80000)
  object space 174592K, 13% used [0x0000000117a80000,0x0000000119197fc8,0x0000000122500000)
 PSPermGen       total 40448K, used 40334K [0x0000000112880000, 0x0000000115000000, 0x0000000117a80000)
  object space 40448K, 99% used [0x0000000112880000,0x0000000114fe39e0,0x0000000115000000)
Event: 40300.618 GC heap after
Heap after GC invocations=10 (full 0):
 PSYoungGen      total 74752K, used 3972K [0x000000012cf80000, 0x0000000132c80000, 0x0000000137a80000)
  eden space 57856K, 0% used [0x000000012cf80000,0x000000012cf80000,0x0000000130800000)
  from space 16896K, 23% used [0x0000000131a00000,0x0000000131de1160,0x0000000132a80000)
  to   space 18432K, 0% used [0x0000000130800000,0x0000000130800000,0x0000000131a00000)
 ParOldGen       total 174592K, used 34982K [0x0000000117a80000, 0x0000000122500000, 0x000000012cf80000)
  object space 174592K, 20% used [0x0000000117a80000,0x0000000119ca99f8,0x0000000122500000)
 PSPermGen       total 40448K, used 40334K [0x0000000112880000, 0x0000000115000000, 0x0000000117a80000)
  object space 40448K, 99% used [0x0000000112880000,0x0000000114fe39e0,0x0000000115000000)
}

